{"/home/aubergine/Desktop/Jest/src/app/Utils.ts": {"path":"/home/aubergine/Desktop/Jest/src/app/Utils.ts","statementMap":{"0":{"start":{"line":11,"column":0},"end":{"line":11,"column":16}},"1":{"start":{"line":23,"column":0},"end":{"line":23,"column":16}},"2":{"start":{"line":33,"column":0},"end":{"line":33,"column":16}},"3":{"start":{"line":74,"column":0},"end":{"line":74,"column":16}},"4":{"start":{"line":7,"column":8},"end":{"line":7,"column":32}},"5":{"start":{"line":2,"column":0},"end":{"line":2,"column":13}},"6":{"start":{"line":12,"column":4},"end":{"line":12,"column":29}},"7":{"start":{"line":24,"column":4},"end":{"line":30,"column":null}},"8":{"start":{"line":38,"column":18},"end":{"line":38,"column":28}},"9":{"start":{"line":39,"column":4},"end":{"line":39,"column":32}},"10":{"start":{"line":40,"column":22},"end":{"line":40,"column":72}},"11":{"start":{"line":41,"column":20},"end":{"line":45,"column":15}},"12":{"start":{"line":46,"column":21},"end":{"line":46,"column":77}},"13":{"start":{"line":49,"column":4},"end":{"line":54,"column":5}},"14":{"start":{"line":53,"column":8},"end":{"line":53,"column":30}},"15":{"start":{"line":57,"column":4},"end":{"line":62,"column":5}},"16":{"start":{"line":61,"column":8},"end":{"line":61,"column":27}},"17":{"start":{"line":64,"column":4},"end":{"line":66,"column":5}},"18":{"start":{"line":65,"column":8},"end":{"line":65,"column":27}},"19":{"start":{"line":67,"column":27},"end":{"line":67,"column":66}},"20":{"start":{"line":68,"column":17},"end":{"line":68,"column":59}},"21":{"start":{"line":70,"column":4},"end":{"line":70,"column":27}},"22":{"start":{"line":76,"column":17},"end":{"line":76,"column":47}},"23":{"start":{"line":78,"column":22},"end":{"line":78,"column":36}},"24":{"start":{"line":79,"column":16},"end":{"line":79,"column":50}},"25":{"start":{"line":81,"column":17},"end":{"line":81,"column":35}},"26":{"start":{"line":82,"column":23},"end":{"line":82,"column":38}},"27":{"start":{"line":83,"column":23},"end":{"line":96,"column":6}},"28":{"start":{"line":97,"column":18},"end":{"line":97,"column":40}},"29":{"start":{"line":99,"column":4},"end":{"line":99,"column":37}}},"fnMap":{"0":{"name":"(anonymous_0)","decl":{"start":{"line":3,"column":11},"end":{"line":3,"column":22}},"loc":{"start":{"line":3,"column":34},"end":{"line":8,"column":5}}},"1":{"name":"toUpperCase","decl":{"start":{"line":11,"column":16},"end":{"line":11,"column":27}},"loc":{"start":{"line":11,"column":39},"end":{"line":13,"column":1}}},"2":{"name":"getStringInfo","decl":{"start":{"line":23,"column":16},"end":{"line":23,"column":29}},"loc":{"start":{"line":23,"column":41},"end":{"line":31,"column":1}}},"3":{"name":"daysInCurrentMonthBetween","decl":{"start":{"line":33,"column":16},"end":{"line":33,"column":41}},"loc":{"start":{"line":36,"column":23},"end":{"line":71,"column":1}}},"4":{"name":"convertTimestampToDateString","decl":{"start":{"line":74,"column":16},"end":{"line":74,"column":44}},"loc":{"start":{"line":74,"column":64},"end":{"line":100,"column":1}}}},"branchMap":{"0":{"loc":{"start":{"line":49,"column":4},"end":{"line":54,"column":5}},"type":"if","locations":[{"start":{"line":49,"column":4},"end":{"line":54,"column":5}}]},"1":{"loc":{"start":{"line":50,"column":8},"end":{"line":51,"column":59}},"type":"binary-expr","locations":[{"start":{"line":50,"column":8},"end":{"line":50,"column":42}},{"start":{"line":51,"column":8},"end":{"line":51,"column":59}}]},"2":{"loc":{"start":{"line":57,"column":4},"end":{"line":62,"column":5}},"type":"if","locations":[{"start":{"line":57,"column":4},"end":{"line":62,"column":5}}]},"3":{"loc":{"start":{"line":58,"column":8},"end":{"line":59,"column":59}},"type":"binary-expr","locations":[{"start":{"line":58,"column":8},"end":{"line":58,"column":40}},{"start":{"line":59,"column":8},"end":{"line":59,"column":59}}]},"4":{"loc":{"start":{"line":64,"column":4},"end":{"line":66,"column":5}},"type":"if","locations":[{"start":{"line":64,"column":4},"end":{"line":66,"column":5}}]}},"s":{"0":0,"1":0,"2":0,"3":0,"4":0,"5":0,"6":0,"7":0,"8":0,"9":0,"10":0,"11":0,"12":0,"13":0,"14":0,"15":0,"16":0,"17":0,"18":0,"19":0,"20":0,"21":0,"22":0,"23":0,"24":0,"25":0,"26":0,"27":0,"28":0,"29":0},"f":{"0":0,"1":0,"2":0,"3":0,"4":0},"b":{"0":[0],"1":[0,0],"2":[0],"3":[0,0],"4":[0]}}
,"/home/aubergine/Desktop/Jest/src/app/pass_checker/PasswordChecker.ts": {"path":"/home/aubergine/Desktop/Jest/src/app/pass_checker/PasswordChecker.ts","statementMap":{"0":{"start":{"line":2,"column":0},"end":{"line":2,"column":null}},"1":{"start":{"line":4,"column":4},"end":{"line":4,"column":null}},"2":{"start":{"line":5,"column":4},"end":{"line":5,"column":null}},"3":{"start":{"line":6,"column":4},"end":{"line":6,"column":null}},"4":{"start":{"line":19,"column":42},"end":{"line":19,"column":44}},"5":{"start":{"line":21,"column":8},"end":{"line":21,"column":47}},"6":{"start":{"line":22,"column":8},"end":{"line":22,"column":50}},"7":{"start":{"line":23,"column":8},"end":{"line":23,"column":50}},"8":{"start":{"line":25,"column":8},"end":{"line":28,"column":null}},"9":{"start":{"line":32,"column":8},"end":{"line":34,"column":9}},"10":{"start":{"line":33,"column":12},"end":{"line":33,"column":47}},"11":{"start":{"line":38,"column":8},"end":{"line":40,"column":9}},"12":{"start":{"line":39,"column":12},"end":{"line":39,"column":55}},"13":{"start":{"line":44,"column":8},"end":{"line":46,"column":9}},"14":{"start":{"line":45,"column":12},"end":{"line":45,"column":55}},"15":{"start":{"line":15,"column":0},"end":{"line":15,"column":13}}},"fnMap":{"0":{"name":"(anonymous_0)","decl":{"start":{"line":2,"column":0},"end":{"line":2,"column":12}},"loc":{"start":{"line":2,"column":26},"end":{"line":8,"column":1}}},"1":{"name":"(anonymous_1)","decl":{"start":{"line":17,"column":11},"end":{"line":17,"column":24}},"loc":{"start":{"line":17,"column":41},"end":{"line":29,"column":5}}},"2":{"name":"(anonymous_2)","decl":{"start":{"line":31,"column":12},"end":{"line":31,"column":26}},"loc":{"start":{"line":31,"column":70},"end":{"line":35,"column":5}}},"3":{"name":"(anonymous_3)","decl":{"start":{"line":37,"column":12},"end":{"line":37,"column":29}},"loc":{"start":{"line":37,"column":73},"end":{"line":41,"column":5}}},"4":{"name":"(anonymous_4)","decl":{"start":{"line":43,"column":12},"end":{"line":43,"column":29}},"loc":{"start":{"line":43,"column":73},"end":{"line":47,"column":5}}}},"branchMap":{"0":{"loc":{"start":{"line":2,"column":12},"end":{"line":2,"column":null}},"type":"binary-expr","locations":[{"start":{"line":2,"column":12},"end":{"line":2,"column":26}},{"start":{"line":2,"column":26},"end":{"line":2,"column":null}}]},"1":{"loc":{"start":{"line":26,"column":19},"end":{"line":26,"column":52}},"type":"cond-expr","locations":[{"start":{"line":26,"column":40},"end":{"line":26,"column":45}},{"start":{"line":26,"column":48},"end":{"line":26,"column":52}}]},"2":{"loc":{"start":{"line":32,"column":8},"end":{"line":34,"column":9}},"type":"if","locations":[{"start":{"line":32,"column":8},"end":{"line":34,"column":9}}]},"3":{"loc":{"start":{"line":38,"column":8},"end":{"line":40,"column":9}},"type":"if","locations":[{"start":{"line":38,"column":8},"end":{"line":40,"column":9}}]},"4":{"loc":{"start":{"line":44,"column":8},"end":{"line":46,"column":9}},"type":"if","locations":[{"start":{"line":44,"column":8},"end":{"line":46,"column":9}}]}},"s":{"0":0,"1":0,"2":0,"3":0,"4":0,"5":0,"6":0,"7":0,"8":0,"9":0,"10":0,"11":0,"12":0,"13":0,"14":0,"15":0},"f":{"0":0,"1":0,"2":0,"3":0,"4":0},"b":{"0":[0,0],"1":[0,0],"2":[0],"3":[0],"4":[0]}}
}
