TN:
SF:src/app/Utils.ts
FN:3,(anonymous_0)
FN:11,toUpperCase
FN:23,getStringInfo
FN:33,daysInCurrentMonthBetween
FN:74,convertTimestampToDateString
FNF:5
FNH:0
FNDA:0,(anonymous_0)
FNDA:0,toUpperCase
FNDA:0,getStringInfo
FNDA:0,daysInCurrentMonthBetween
FNDA:0,convertTimestampToDateString
DA:2,0
DA:7,0
DA:11,0
DA:12,0
DA:23,0
DA:24,0
DA:33,0
DA:38,0
DA:39,0
DA:40,0
DA:41,0
DA:46,0
DA:49,0
DA:53,0
DA:57,0
DA:61,0
DA:64,0
DA:65,0
DA:67,0
DA:68,0
DA:70,0
DA:74,0
DA:76,0
DA:78,0
DA:79,0
DA:81,0
DA:82,0
DA:83,0
DA:97,0
DA:99,0
LF:30
LH:0
BRDA:49,0,0,0
BRDA:50,1,0,0
BRDA:50,1,1,0
BRDA:57,2,0,0
BRDA:58,3,0,0
BRDA:58,3,1,0
BRDA:64,4,0,0
BRF:7
BRH:0
end_of_record
TN:
SF:src/app/pass_checker/PasswordChecker.ts
FN:2,(anonymous_0)
FN:17,(anonymous_1)
FN:31,(anonymous_2)
FN:37,(anonymous_3)
FN:43,(anonymous_4)
FNF:5
FNH:0
FNDA:0,(anonymous_0)
FNDA:0,(anonymous_1)
FNDA:0,(anonymous_2)
FNDA:0,(anonymous_3)
FNDA:0,(anonymous_4)
DA:2,0
DA:4,0
DA:5,0
DA:6,0
DA:15,0
DA:19,0
DA:21,0
DA:22,0
DA:23,0
DA:25,0
DA:32,0
DA:33,0
DA:38,0
DA:39,0
DA:44,0
DA:45,0
LF:16
LH:0
BRDA:2,0,0,0
BRDA:2,0,1,0
BRDA:26,1,0,0
BRDA:26,1,1,0
BRDA:32,2,0,0
BRDA:38,3,0,0
BRDA:44,4,0,0
BRF:7
BRH:0
end_of_record
